# JRE version: OpenJDK Runtime Environment (17.0.2+8) (build 17.0.2+8-86)
# Java VM: OpenJDK 64-Bit Server VM (17.0.2+8-86, mixed mode, sharing, tiered, compressed oops, compressed class ptrs, g1 gc, windows-amd64)
GC Precious Log:
 CPUs: 8 total, 8 available
 Memory: 16075M
 Large Page Support: Disabled
 NUMA Support: Disabled
 Compressed Oops: Enabled (Zero based)
 Heap Region Size: 2M
 Heap Min Capacity: 8M
 Heap Initial Capacity: 8M
 Heap Max Capacity: 4020M
 Pre-touch: Disabled
 Parallel Workers: 8
 Concurrent Workers: 2
 Concurrent Refinement Workers: 8
 Periodic GC: Disabled
Heap:
 garbage-first heap   total 262144K, used 146732K [0x0000000704c00000, 0x0000000800000000)
  region size 2048K, 26 young (53248K), 4 survivors (8192K)
 Metaspace       used 16579K, committed 16832K, reserved 1064960K
  class space    used 1890K, committed 1984K, reserved 1048576K
GC Heap History (20 events):
Event: 9.235 GC heap before
{Heap before GC invocations=26 (full 0):
 garbage-first heap   total 67584K, used 46985K [0x0000000704c00000, 0x0000000800000000)
  region size 2048K, 9 young (18432K), 2 survivors (4096K)
 Metaspace       used 13681K, committed 13888K, reserved 1064960K
  class space    used 1636K, committed 1728K, reserved 1048576K
}
Event: 9.243 GC heap after
{Heap after GC invocations=27 (full 0):
 garbage-first heap   total 67584K, used 37018K [0x0000000704c00000, 0x0000000800000000)
  region size 2048K, 2 young (4096K), 2 survivors (4096K)
 Metaspace       used 13681K, committed 13888K, reserved 1064960K
  class space    used 1636K, committed 1728K, reserved 1048576K
}
Event: 9.415 GC heap before
{Heap before GC invocations=27 (full 0):
 garbage-first heap   total 67584K, used 47258K [0x0000000704c00000, 0x0000000800000000)
  region size 2048K, 7 young (14336K), 2 survivors (4096K)
 Metaspace       used 14060K, committed 14208K, reserved 1064960K
  class space    used 1672K, committed 1728K, reserved 1048576K
}
Event: 9.422 GC heap after
{Heap after GC invocations=28 (full 0):
 garbage-first heap   total 135168K, used 40079K [0x0000000704c00000, 0x0000000800000000)
  region size 2048K, 1 young (2048K), 1 survivors (2048K)
 Metaspace       used 14060K, committed 14208K, reserved 1064960K
  class space    used 1672K, committed 1728K, reserved 1048576K
}
Event: 9.834 GC heap before
{Heap before GC invocations=29 (full 0):
 garbage-first heap   total 135168K, used 85135K [0x0000000704c00000, 0x0000000800000000)
  region size 2048K, 23 young (47104K), 1 survivors (2048K)
 Metaspace       used 14105K, committed 14272K, reserved 1064960K
  class space    used 1675K, committed 1728K, reserved 1048576K
}
Event: 9.844 GC heap after
{Heap after GC invocations=30 (full 0):
 garbage-first heap   total 135168K, used 55898K [0x0000000704c00000, 0x0000000800000000)
  region size 2048K, 3 young (6144K), 3 survivors (6144K)
 Metaspace       used 14105K, committed 14272K, reserved 1064960K
  class space    used 1675K, committed 1728K, reserved 1048576K
}
Event: 10.123 GC heap before
{Heap before GC invocations=30 (full 0):
 garbage-first heap   total 135168K, used 86618K [0x0000000704c00000, 0x0000000800000000)
  region size 2048K, 18 young (36864K), 3 survivors (6144K)
 Metaspace       used 14128K, committed 14272K, reserved 1064960K
  class space    used 1675K, committed 1728K, reserved 1048576K
}
Event: 10.131 GC heap after
{Heap after GC invocations=31 (full 0):
 garbage-first heap   total 135168K, used 66004K [0x0000000704c00000, 0x0000000800000000)
  region size 2048K, 3 young (6144K), 3 survivors (6144K)
 Metaspace       used 14128K, committed 14272K, reserved 1064960K
  class space    used 1675K, committed 1728K, reserved 1048576K
}
Event: 10.338 GC heap before
{Heap before GC invocations=31 (full 0):
 garbage-first heap   total 135168K, used 92628K [0x0000000704c00000, 0x0000000800000000)
  region size 2048K, 16 young (32768K), 3 survivors (6144K)
 Metaspace       used 14149K, committed 14336K, reserved 1064960K
  class space    used 1675K, committed 1728K, reserved 1048576K
}
Event: 10.346 GC heap after
{Heap after GC invocations=32 (full 0):
 garbage-first heap   total 135168K, used 75776K [0x0000000704c00000, 0x0000000800000000)
  region size 2048K, 2 young (4096K), 2 survivors (4096K)
 Metaspace       used 14149K, committed 14336K, reserved 1064960K
  class space    used 1675K, committed 1728K, reserved 1048576K
}
Event: 10.494 GC heap before
{Heap before GC invocations=33 (full 0):
 garbage-first heap   total 151552K, used 98304K [0x0000000704c00000, 0x0000000800000000)
  region size 2048K, 13 young (26624K), 2 survivors (4096K)
 Metaspace       used 14359K, committed 14528K, reserved 1064960K
  class space    used 1694K, committed 1792K, reserved 1048576K
}
Event: 10.505 GC heap after
{Heap after GC invocations=34 (full 0):
 garbage-first heap   total 151552K, used 83263K [0x0000000704c00000, 0x0000000800000000)
  region size 2048K, 2 young (4096K), 2 survivors (4096K)
 Metaspace       used 14359K, committed 14528K, reserved 1064960K
  class space    used 1694K, committed 1792K, reserved 1048576K
}
Event: 10.816 GC heap before
{Heap before GC invocations=34 (full 0):
 garbage-first heap   total 151552K, used 109887K [0x0000000704c00000, 0x0000000800000000)
  region size 2048K, 15 young (30720K), 2 survivors (4096K)
 Metaspace       used 15039K, committed 15296K, reserved 1064960K
  class space    used 1739K, committed 1856K, reserved 1048576K
}
Event: 10.832 GC heap after
{Heap after GC invocations=35 (full 0):
 garbage-first heap   total 151552K, used 89041K [0x0000000704c00000, 0x0000000800000000)
  region size 2048K, 2 young (4096K), 2 survivors (4096K)
 Metaspace       used 15039K, committed 15296K, reserved 1064960K
  class space    used 1739K, committed 1856K, reserved 1048576K
}
Event: 11.048 GC heap before
{Heap before GC invocations=36 (full 0):
 garbage-first heap   total 163840K, used 115665K [0x0000000704c00000, 0x0000000800000000)
  region size 2048K, 14 young (28672K), 2 survivors (4096K)
 Metaspace       used 15099K, committed 15360K, reserved 1064960K
  class space    used 1739K, committed 1856K, reserved 1048576K
}
Event: 11.056 GC heap after
{Heap after GC invocations=37 (full 0):
 garbage-first heap   total 163840K, used 94609K [0x0000000704c00000, 0x0000000800000000)
  region size 2048K, 2 young (4096K), 2 survivors (4096K)
 Metaspace       used 15099K, committed 15360K, reserved 1064960K
  class space    used 1739K, committed 1856K, reserved 1048576K
}
Event: 11.084 GC heap before
{Heap before GC invocations=37 (full 0):
 garbage-first heap   total 163840K, used 98705K [0x0000000704c00000, 0x0000000800000000)
  region size 2048K, 4 young (8192K), 2 survivors (4096K)
 Metaspace       used 15115K, committed 15360K, reserved 1064960K
  class space    used 1739K, committed 1856K, reserved 1048576K
}
Event: 11.090 GC heap after
{Heap after GC invocations=38 (full 0):
 garbage-first heap   total 262144K, used 94152K [0x0000000704c00000, 0x0000000800000000)
  region size 2048K, 1 young (2048K), 1 survivors (2048K)
 Metaspace       used 15115K, committed 15360K, reserved 1064960K
  class space    used 1739K, committed 1856K, reserved 1048576K
}
Event: 11.531 GC heap before
{Heap before GC invocations=38 (full 0):
 garbage-first heap   total 262144K, used 184264K [0x0000000704c00000, 0x0000000800000000)
  region size 2048K, 43 young (88064K), 1 survivors (2048K)
 Metaspace       used 15213K, committed 15424K, reserved 1064960K
  class space    used 1739K, committed 1856K, reserved 1048576K
}
Event: 11.542 GC heap after
{Heap after GC invocations=39 (full 0):
 garbage-first heap   total 262144K, used 103724K [0x0000000704c00000, 0x0000000800000000)
  region size 2048K, 4 young (8192K), 4 survivors (8192K)
 Metaspace       used 15213K, committed 15424K, reserved 1064960K
  class space    used 1739K, committed 1856K, reserved 1048576K
}

